<?xml version="1.0" encoding="UTF-8"?>
<testng-results ignored="0" total="1" passed="1" failed="0" skipped="0">
  <reporter-output>
  </reporter-output>
  <suite started-at="2022-01-16T12:36:47 BDT" name="Default suite" finished-at="2022-01-16T12:38:14 BDT" duration-ms="86812">
    <groups>
    </groups>
    <test started-at="2022-01-16T12:36:47 BDT" name="Default test" finished-at="2022-01-16T12:38:14 BDT" duration-ms="86812">
      <class name="testbd.com.TC_001">
        <test-method is-config="true" signature="setup()[pri:0, instance:testbd.com.TC_001@17497425]" started-at="2022-01-16T12:36:44 BDT" name="setup" finished-at="2022-01-16T12:36:47 BDT" duration-ms="3356" status="PASS">
          <reporter-output>
          </reporter-output>
        </test-method> <!-- setup -->
        <test-method signature="Daraz()[pri:0, instance:testbd.com.TC_001@17497425]" started-at="2022-01-16T12:36:47 BDT" name="Daraz" finished-at="2022-01-16T12:38:14 BDT" duration-ms="86760" status="PASS">
          <reporter-output>
          </reporter-output>
        </test-method> <!-- Daraz -->
        <test-method is-config="true" signature="tearDown()[pri:0, instance:testbd.com.TC_001@17497425]" started-at="2022-01-16T12:38:14 BDT" name="tearDown" finished-at="2022-01-16T12:38:18 BDT" duration-ms="4237" status="PASS">
          <reporter-output>
          </reporter-output>
        </test-method> <!-- tearDown -->
      </class> <!-- testbd.com.TC_001 -->
    </test> <!-- Default test -->
  </suite> <!-- Default suite -->
</testng-results>
